<?xml version="1.0" encoding="UTF-8"?>
<!-- Generated by org.testng.reporters.JUnitReportReporter -->
<testsuite hostname="81PK5B3" failures="0" tests="1" name="com.corePyramin.LendingPageTest" time="12.787" errors="0" timestamp="19 May 2022 13:29:37 GMT" skipped="0">
  <testcase classname="com.corePyramin.LendingPageTest" name="ValidateSuccessfulLogin" time="12.787"/>
</testsuite> <!-- com.corePyramin.LendingPageTest -->
