<?xml version="1.0" encoding="UTF-8"?>
<!-- Generated by org.testng.reporters.JUnitReportReporter -->
<testsuite hostname="81PK5B3" failures="0" tests="1" name="com.corePyramid.base.TestBase" time="10.051" errors="0" timestamp="19 May 2022 09:53:36 GMT" skipped="0">
  <testcase classname="com.corePyramid.base.TestBase" name="Initialization" time="10.051"/>
</testsuite> <!-- com.corePyramid.base.TestBase -->
