<?xml version="1.0" encoding="UTF-8"?>
<!-- Generated by org.testng.reporters.JUnitReportReporter -->
<testsuite skipped="0" hostname="81PK5B3" name="com.corePyramin.LoginPageTest" tests="2" failures="0" timestamp="20 May 2022 12:35:16 GMT" time="18.470" errors="0">
  <testcase name="loginPageTitleTest" time="8.709" classname="com.corePyramin.LoginPageTest"/>
  <testcase name="ValidateLoginSucessfull" time="9.761" classname="com.corePyramin.LoginPageTest"/>
</testsuite> <!-- com.corePyramin.LoginPageTest -->
